<?xml version="1.0" encoding="UTF-8"?>
<!-- Generated by org.testng.reporters.JUnitXMLReporter -->
<testsuite ignored="0" hostname="DESKTOP-SK6KN3T" failures="1" tests="1" name="Default test" time="3.623" errors="0" timestamp="2024-01-11T14:13:01 IST">
  <testcase classname="io.cucumber.testng.AbstractTestNGCucumberTests" name="runScenario" time="0.458">
    <failure type="java.lang.NullPointerException" message="Cannot invoke &amp;quot;org.openqa.selenium.WebDriver.get(String)&amp;quot; because &amp;quot;this.driver&amp;quot; is null">
      <![CDATA[java.lang.NullPointerException: Cannot invoke "org.openqa.selenium.WebDriver.get(String)" because "this.driver" is null
at stepdefinition.LoginStep.user_is_at_the_login_page(LoginStep.java:23)
at ✽.User is at the Login Page(file:///C:/Users/om/eclipse-workspace/MockBDDAmazon/src/test/resources/features/login.feature:3)
]]>
    </failure>
  </testcase> <!-- runScenario -->
</testsuite> <!-- Default test -->
