<?xml version="1.0" encoding="UTF-8"?>
<testng-results ignored="0" total="1" passed="1" failed="0" skipped="0">
  <reporter-output>
  </reporter-output>
  <suite started-at="2024-01-12T13:24:01 IST" name="Default suite" finished-at="2024-01-12T13:25:43 IST" duration-ms="102535">
    <groups>
      <group name="cucumber">
        <method signature="AbstractTestNGCucumberTests.runScenario(io.cucumber.testng.PickleWrapper,io.cucumber.testng.FeatureWrapper)[pri:0, instance:stepdefinition.LoginRunner@74d1dc36]" name="runScenario" class="io.cucumber.testng.AbstractTestNGCucumberTests"/>
      </group> <!-- cucumber -->
    </groups>
    <test started-at="2024-01-12T13:24:01 IST" name="Default test" finished-at="2024-01-12T13:25:43 IST" duration-ms="102535">
      <class name="stepdefinition.LoginRunner">
        <test-method is-config="true" signature="setUpClass()[pri:0, instance:stepdefinition.LoginRunner@74d1dc36]" started-at="2024-01-12T13:24:01 IST" name="setUpClass" finished-at="2024-01-12T13:24:02 IST" duration-ms="1329" status="PASS">
          <reporter-output>
          </reporter-output>
        </test-method> <!-- setUpClass -->
        <test-method signature="runScenario(io.cucumber.testng.PickleWrapper,io.cucumber.testng.FeatureWrapper)[pri:0, instance:stepdefinition.LoginRunner@74d1dc36]" started-at="2024-01-12T13:24:02 IST" name="runScenario" description="Runs Cucumber Scenarios" data-provider="scenarios" finished-at="2024-01-12T13:25:40 IST" duration-ms="98108" status="PASS">
          <params>
            <param index="0">
              <value>
                <![CDATA["Login Page of Amazon Site"]]>
              </value>
            </param>
            <param index="1">
              <value>
                <![CDATA["Optional[Login Feature]"]]>
              </value>
            </param>
          </params>
          <reporter-output>
          </reporter-output>
        </test-method> <!-- runScenario -->
        <test-method is-config="true" signature="tearDownClass()[pri:0, instance:stepdefinition.LoginRunner@74d1dc36]" started-at="2024-01-12T13:25:40 IST" name="tearDownClass" finished-at="2024-01-12T13:25:43 IST" duration-ms="2976" status="PASS">
          <reporter-output>
          </reporter-output>
        </test-method> <!-- tearDownClass -->
      </class> <!-- stepdefinition.LoginRunner -->
    </test> <!-- Default test -->
  </suite> <!-- Default suite -->
</testng-results>
