<?xml version="1.0" encoding="UTF-8"?>
<testng-results ignored="0" total="1" passed="1" failed="0" skipped="0">
  <reporter-output>
  </reporter-output>
  <suite started-at="2024-01-16T16:31:51 IST" name="Suite" finished-at="2024-01-16T16:32:53 IST" duration-ms="62681">
    <groups>
      <group name="cucumber">
        <method signature="AbstractTestNGCucumberTests.runScenario(io.cucumber.testng.PickleWrapper,io.cucumber.testng.FeatureWrapper)[pri:0, instance:tutorialpkg.TutorialRunner@8519cb4]" name="runScenario" class="io.cucumber.testng.AbstractTestNGCucumberTests"/>
      </group> <!-- cucumber -->
    </groups>
    <test started-at="2024-01-16T16:31:51 IST" name="Test" finished-at="2024-01-16T16:32:53 IST" duration-ms="62681">
      <class name="tutorialpkg.TutorialRunner">
        <test-method is-config="true" signature="setUpClass()[pri:0, instance:tutorialpkg.TutorialRunner@8519cb4]" started-at="2024-01-16T16:31:51 IST" name="setUpClass" finished-at="2024-01-16T16:31:53 IST" duration-ms="2148" status="PASS">
          <reporter-output>
          </reporter-output>
        </test-method> <!-- setUpClass -->
        <test-method signature="runScenario(io.cucumber.testng.PickleWrapper,io.cucumber.testng.FeatureWrapper)[pri:0, instance:tutorialpkg.TutorialRunner@8519cb4]" started-at="2024-01-16T16:31:53 IST" name="runScenario" description="Runs Cucumber Scenarios" data-provider="scenarios" finished-at="2024-01-16T16:32:49 IST" duration-ms="56192" status="PASS">
          <params>
            <param index="0">
              <value>
                <![CDATA["Selenium - Automation Practice Form"]]>
              </value>
            </param>
            <param index="1">
              <value>
                <![CDATA["Optional[Tutorial Feature]"]]>
              </value>
            </param>
          </params>
          <reporter-output>
          </reporter-output>
        </test-method> <!-- runScenario -->
        <test-method is-config="true" signature="tearDownClass()[pri:0, instance:tutorialpkg.TutorialRunner@8519cb4]" started-at="2024-01-16T16:32:49 IST" name="tearDownClass" finished-at="2024-01-16T16:32:53 IST" duration-ms="4028" status="PASS">
          <reporter-output>
          </reporter-output>
        </test-method> <!-- tearDownClass -->
      </class> <!-- tutorialpkg.TutorialRunner -->
    </test> <!-- Test -->
  </suite> <!-- Suite -->
</testng-results>
