<?xml version="1.0" encoding="UTF-8"?>
<!-- Generated by org.testng.reporters.JUnitReportReporter -->
<testsuite hostname="DESKTOP-SK6KN3T" failures="0" tests="1" name="runner.LoginRunner" time="0.458" errors="1" timestamp="2024-01-11T14:13:01 IST" skipped="0">
  <testcase classname="runner.LoginRunner" name="runScenario" time="0.458">
    <error message="Cannot invoke &quot;org.openqa.selenium.WebDriver.get(String)&quot; because &quot;this.driver&quot; is null" type="java.lang.NullPointerException">
      <![CDATA[java.lang.NullPointerException: Cannot invoke "org.openqa.selenium.WebDriver.get(String)" because "this.driver" is null
at stepdefinition.LoginStep.user_is_at_the_login_page(LoginStep.java:23)
at ✽.User is at the Login Page(file:///C:/Users/om/eclipse-workspace/MockBDDAmazon/src/test/resources/features/login.feature:3)
]]>
    </error>
  </testcase> <!-- runScenario -->
  <system-out/>
</testsuite> <!-- runner.LoginRunner -->
